0 info it worked if it ends with ok
1 verbose cli [ '/usr/local/bin/node', '/usr/local/bin/npm', 'run', 'testApi' ]
2 info using npm@3.10.8
3 info using node@v4.6.0
4 verbose run-script [ 'pretestApi', 'testApi', 'posttestApi' ]
5 info lifecycle psd.gumgum.com@1.0.0~pretestApi: psd.gumgum.com@1.0.0
6 silly lifecycle psd.gumgum.com@1.0.0~pretestApi: no script for pretestApi, continuing
7 info lifecycle psd.gumgum.com@1.0.0~testApi: psd.gumgum.com@1.0.0
8 verbose lifecycle psd.gumgum.com@1.0.0~testApi: unsafe-perm in lifecycle true
9 verbose lifecycle psd.gumgum.com@1.0.0~testApi: PATH: /usr/local/lib/node_modules/npm/bin/node-gyp-bin:/Users/raiden/Projects/psd.gumgum.com/node_modules/.bin:/Users/raiden/.rvm/gems/ruby-2.2.1/bin:/Users/raiden/.rvm/gems/ruby-2.2.1@global/bin:/Users/raiden/.rvm/rubies/ruby-2.2.1/bin:/Users/raiden/.rvm/bin:/Applications/Postgres.app/Contents/Versions/9.4/bin:/usr/local/bin:/usr/local/sbin:/usr/bin:/usr/sbin:/bin:/sbin
10 verbose lifecycle psd.gumgum.com@1.0.0~testApi: CWD: /Users/raiden/Projects/psd.gumgum.com
11 silly lifecycle psd.gumgum.com@1.0.0~testApi: Args: [ '-c',
11 silly lifecycle   'env NODE_ENV=test env PORT=5000 mocha --recursive test/api' ]
12 silly lifecycle psd.gumgum.com@1.0.0~testApi: Returned: code: 3  signal: null
13 info lifecycle psd.gumgum.com@1.0.0~testApi: Failed to exec testApi script
14 verbose stack Error: psd.gumgum.com@1.0.0 testApi: `env NODE_ENV=test env PORT=5000 mocha --recursive test/api`
14 verbose stack Exit status 3
14 verbose stack     at EventEmitter.<anonymous> (/usr/local/lib/node_modules/npm/lib/utils/lifecycle.js:255:16)
14 verbose stack     at emitTwo (events.js:87:13)
14 verbose stack     at EventEmitter.emit (events.js:172:7)
14 verbose stack     at ChildProcess.<anonymous> (/usr/local/lib/node_modules/npm/lib/utils/spawn.js:40:14)
14 verbose stack     at emitTwo (events.js:87:13)
14 verbose stack     at ChildProcess.emit (events.js:172:7)
14 verbose stack     at maybeClose (internal/child_process.js:829:16)
14 verbose stack     at Process.ChildProcess._handle.onexit (internal/child_process.js:211:5)
15 verbose pkgid psd.gumgum.com@1.0.0
16 verbose cwd /Users/raiden/Projects/psd.gumgum.com
17 error Darwin 16.0.0
18 error argv "/usr/local/bin/node" "/usr/local/bin/npm" "run" "testApi"
19 error node v4.6.0
20 error npm  v3.10.8
21 error code ELIFECYCLE
22 error psd.gumgum.com@1.0.0 testApi: `env NODE_ENV=test env PORT=5000 mocha --recursive test/api`
22 error Exit status 3
23 error Failed at the psd.gumgum.com@1.0.0 testApi script 'env NODE_ENV=test env PORT=5000 mocha --recursive test/api'.
23 error Make sure you have the latest version of node.js and npm installed.
23 error If you do, this is most likely a problem with the psd.gumgum.com package,
23 error not with npm itself.
23 error Tell the author that this fails on your system:
23 error     env NODE_ENV=test env PORT=5000 mocha --recursive test/api
23 error You can get information on how to open an issue for this project with:
23 error     npm bugs psd.gumgum.com
23 error Or if that isn't available, you can get their info via:
23 error     npm owner ls psd.gumgum.com
23 error There is likely additional logging output above.
24 verbose exit [ 1, true ]
